#
# A fatal error has been detected by the Java Runtime Environment:
#
#  SIGSEGV (0xb) at pc=0x0000000127cdcc3e, pid=822, tid=6147
#
# JRE version: Java(TM) SE Runtime Environment (8.0_66-b17) (build 1.8.0_66-b17)
# Java VM: Java HotSpot(TM) 64-Bit Server VM (25.66-b17 mixed mode bsd-amd64 compressed oops)
# Problematic frame:
# C  [libtesseract.dylib+0x13c3e]  tesseract::Tesseract::recog_all_words(PAGE_RES*, ETEXT_DESC*, TBOX const*, char const*, int)+0xa0
#
# Failed to write core dump. Core dumps have been disabled. To enable core dumping, try "ulimit -c unlimited" before starting Java again
#
# If you would like to submit a bug report, please visit:
#   http://bugreport.java.com/bugreport/crash.jsp
# The crash happened outside the Java Virtual Machine in native code.
# See problematic frame for where to report the bug.
#

---------------  T H R E A D  ---------------

Current thread (0x00007ff9ed00c800):  JavaThread "main" [_thread_in_native, id=6147, stack(0x000070000f7c3000,0x000070000f8c3000)]

siginfo: si_signo: 11 (SIGSEGV), si_code: 1 (SEGV_MAPERR), si_addr: 0x000000000000000c

Registers:
RAX=0x0000000000000000, RBX=0x00007ff9ef161df0, RCX=0x0000000000000000, RDX=0x00007ff9ef177da0
RSP=0x000070000f8c1620, RBP=0x000070000f8c1790, RSI=0x0000000000000000, RDI=0x000070000f8c16e8
R8 =0x0000000000000000, R9 =0x0000000000000000, R10=0x00000000fe000000, R11=0xffffffffffed91b0
R12=0x0000000000000000, R13=0x0000000000000000, R14=0x0000000000000000, R15=0x0000000127b1b000
RIP=0x0000000127cdcc3e, EFLAGS=0x0000000000010246, ERR=0x0000000000000004
  TRAPNO=0x000000000000000e

Top of Stack: (sp=0x000070000f8c1620)
0x000070000f8c1620:   00007ff9ef151800 00007ff9ef161df0
0x000070000f8c1630:   0000000000000000 0000000000000000
0x000070000f8c1640:   0000000000000000 00007ff9ef177ad0
0x000070000f8c1650:   00007ff9ef1971b0 00007ff9ef167dc0
0x000070000f8c1660:   00007ff9ef178160 00007ff9ef177da0
0x000070000f8c1670:   00007ff9ef167dc0 00007ff9ef161df8
0x000070000f8c1680:   00007ff9ef167dc0 00007ff9ef167dc0
0x000070000f8c1690:   00007ff9ef167dc0 00007ff9ef150000
0x000070000f8c16a0:   00007ff9ef167dc0 00007ff9ef197100
0x000070000f8c16b0:   00007ff9ef167de8 00007ff9ef1971b0
0x000070000f8c16c0:   00007ff9ef177da0 00007ff9ef175310
0x000070000f8c16d0:   00007ff9ef160000 00007ff9ef1971b0
0x000070000f8c16e0:   000070000f8c1701 00007ff9ef177dc0
0x000070000f8c16f0:   00007ff9ef178160 00007ff9ef177dd0
0x000070000f8c1700:   00007ff9ef178430 00007ff9ef160000
0x000070000f8c1710:   00007ff9ef178160 0000000127ccb901
0x000070000f8c1720:   00007ff9ef207670 0000000127e80033
0x000070000f8c1730:   0000000127b1b150 00007ff9ecc5f770
0x000070000f8c1740:   00007ff9ecc5f770 0000000127b1b000
0x000070000f8c1750:   0000000000000000 0000000000000000
0x000070000f8c1760:   000070000f8c1790 000070000f8c1701
0x000070000f8c1770:   00007ff9ecc5f770 0000000127b1b000
0x000070000f8c1780:   00000000ffffffff 0000000000000000
0x000070000f8c1790:   000070000f8c1800 0000000127ccd5a4
0x000070000f8c17a0:   0000000797704960 00000007976189a8
0x000070000f8c17b0:   000070000f8c17b0 000000010f11297b
0x000070000f8c17c0:   000070000f8c1820 000000010f112cc8
0x000070000f8c17d0:   0100000000000000 00007ff9ecc5f770
0x000070000f8c17e0:   0000000000000000 0000000127224464
0x000070000f8c17f0:   0000000000000000 00be509655010023
0x000070000f8c1800:   000070000f8c1830 0000000127ccc4fd
0x000070000f8c1810:   0000000000000000 000070000f8c1790 

Instructions: (pc=0x0000000127cdcc3e)
0x0000000127cdcc1e:   83 bf 90 15 00 00 00 7e 0d 4d 89 f4 4c 89 ff e8
0x0000000127cdcc2e:   be cf 0b 00 eb 18 4d 89 f4 49 8b 87 38 0a 00 00
0x0000000127cdcc3e:   80 78 0c 00 74 08 4c 89 ff e8 18 d0 0b 00 48 89
0x0000000127cdcc4e:   5d d0 41 83 bf e8 47 02 00 00 7e 3e 31 db 49 8b 

Register to memory mapping:

RAX=0x0000000000000000 is an unknown value
RBX=0x00007ff9ef161df0 is an unknown value
RCX=0x0000000000000000 is an unknown value
RDX=0x00007ff9ef177da0 is an unknown value
RSP=0x000070000f8c1620 is pointing into the stack for thread: 0x00007ff9ed00c800
RBP=0x000070000f8c1790 is pointing into the stack for thread: 0x00007ff9ed00c800
RSI=0x0000000000000000 is an unknown value
RDI=0x000070000f8c16e8 is pointing into the stack for thread: 0x00007ff9ed00c800
R8 =0x0000000000000000 is an unknown value
R9 =0x0000000000000000 is an unknown value
R10=0x00000000fe000000 is an unknown value
R11=0xffffffffffed91b0 is an unknown value
R12=0x0000000000000000 is an unknown value
R13=0x0000000000000000 is an unknown value
R14=0x0000000000000000 is an unknown value
R15=0x0000000127b1b000 is an unknown value


Stack: [0x000070000f7c3000,0x000070000f8c3000],  sp=0x000070000f8c1620,  free space=1017k
Native frames: (J=compiled Java code, j=interpreted, Vv=VM code, C=native code)
C  [libtesseract.dylib+0x13c3e]  tesseract::Tesseract::recog_all_words(PAGE_RES*, ETEXT_DESC*, TBOX const*, char const*, int)+0xa0
C  [libtesseract.dylib+0x45a4]  tesseract::TessBaseAPI::Recognize(ETEXT_DESC*)+0x376
C  [libtesseract.dylib+0x34fd]  tesseract::TessBaseAPI::GetUTF8Text()+0x2b
C  [jna821374674229747431.tmp+0xde74]  ffi_call_unix64+0x4c
C  0x000070000f8c2248

Java frames: (J=compiled Java code, j=interpreted, Vv=VM code)
j  com.sun.jna.Native.invokePointer(Lcom/sun/jna/Function;JI[Ljava/lang/Object;)J+0
j  com.sun.jna.Function.invokePointer(I[Ljava/lang/Object;)Lcom/sun/jna/Pointer;+7
j  com.sun.jna.Function.invoke([Ljava/lang/Object;Ljava/lang/Class;ZI)Ljava/lang/Object;+385
j  com.sun.jna.Function.invoke(Ljava/lang/reflect/Method;[Ljava/lang/Class;Ljava/lang/Class;[Ljava/lang/Object;Ljava/util/Map;)Ljava/lang/Object;+271
j  com.sun.jna.Library$Handler.invoke(Ljava/lang/Object;Ljava/lang/reflect/Method;[Ljava/lang/Object;)Ljava/lang/Object;+344
j  com.sun.proxy.$Proxy0.TessBaseAPIGetUTF8Text(Lnet/sourceforge/tess4j/ITessAPI$TessBaseAPI;)Lcom/sun/jna/Pointer;+16
j  net.sourceforge.tess4j.Tesseract.getOCRText(Ljava/lang/String;I)Ljava/lang/String;+62
j  net.sourceforge.tess4j.Tesseract.doOCR(Ljavax/imageio/IIOImage;Ljava/lang/String;Ljava/awt/Rectangle;I)Ljava/lang/String;+17
j  net.sourceforge.tess4j.Tesseract.doOCR(Ljava/io/File;Ljava/awt/Rectangle;)Ljava/lang/String;+126
j  net.sourceforge.tess4j.Tesseract.doOCR(Ljava/io/File;)Ljava/lang/String;+3
j  javaProject1Package.TessApp.getImgText(Ljava/lang/String;)Ljava/lang/String;+17
j  javaProject1Package.JavaProject1.main([Ljava/lang/String;)V+22
v  ~StubRoutines::call_stub

---------------  P R O C E S S  ---------------

Java Threads: ( => current thread )
  0x00007ff9ed1b5000 JavaThread "Java2D Disposer" daemon [_thread_blocked, id=46215, stack(0x0000700010879000,0x0000700010979000)]
  0x00007ff9ed93d000 JavaThread "AWT-AppKit" daemon [_thread_in_native, id=775, stack(0x00007ffee2b7d000,0x00007ffee337d000)]
  0x00007ff9ee80e000 JavaThread "Service Thread" daemon [_thread_blocked, id=18179, stack(0x00007000103e7000,0x00007000104e7000)]
  0x00007ff9ed85c000 JavaThread "C1 CompilerThread2" daemon [_thread_blocked, id=18691, stack(0x00007000102e4000,0x00007000103e4000)]
  0x00007ff9ed82f800 JavaThread "C2 CompilerThread1" daemon [_thread_blocked, id=14595, stack(0x00007000101e1000,0x00007000102e1000)]
  0x00007ff9ee80d000 JavaThread "C2 CompilerThread0" daemon [_thread_blocked, id=18947, stack(0x00007000100de000,0x00007000101de000)]
  0x00007ff9ee809800 JavaThread "Signal Dispatcher" daemon [_thread_blocked, id=19211, stack(0x000070000ffdb000,0x00007000100db000)]
  0x00007ff9ed01d000 JavaThread "Finalizer" daemon [_thread_blocked, id=20483, stack(0x000070000fed8000,0x000070000ffd8000)]
  0x00007ff9ed82c000 JavaThread "Reference Handler" daemon [_thread_blocked, id=11779, stack(0x000070000fdd5000,0x000070000fed5000)]
=>0x00007ff9ed00c800 JavaThread "main" [_thread_in_native, id=6147, stack(0x000070000f7c3000,0x000070000f8c3000)]

Other Threads:
  0x00007ff9ed829800 VMThread [stack: 0x000070000fcd2000,0x000070000fdd2000] [id=11523]
  0x00007ff9ed01d800 WatcherThread [stack: 0x00007000104ea000,0x00007000105ea000] [id=17667]

VM state:not at safepoint (normal execution)

VM Mutex/Monitor currently owned by a thread: None

Heap:
 PSYoungGen      total 38400K, used 12836K [0x0000000795580000, 0x0000000798000000, 0x00000007c0000000)
  eden space 33280K, 30% used [0x0000000795580000,0x0000000795f42350,0x0000000797600000)
  from space 5120K, 55% used [0x0000000797600000,0x00000007978c6f78,0x0000000797b00000)
  to   space 5120K, 0% used [0x0000000797b00000,0x0000000797b00000,0x0000000798000000)
 ParOldGen       total 87552K, used 80725K [0x0000000740000000, 0x0000000745580000, 0x0000000795580000)
  object space 87552K, 92% used [0x0000000740000000,0x0000000744ed5740,0x0000000745580000)
 Metaspace       used 8521K, capacity 8698K, committed 8960K, reserved 1056768K
  class space    used 927K, capacity 985K, committed 1024K, reserved 1048576K

Card table byte_map: [0x000000010e546000,0x000000010e947000] byte_map_base: 0x000000010ab46000

Marking Bits: (ParMarkBitMap*) 0x000000010dadde20
 Begin Bits: [0x000000011ff78000, 0x0000000121f78000)
 End Bits:   [0x0000000121f78000, 0x0000000123f78000)

Polling page: 0x000000010c8ff000

CodeCache: size=245760Kb used=2777Kb max_used=2788Kb free=242982Kb
 bounds [0x0000000110f78000, 0x0000000111238000, 0x000000011ff78000]
 total_blobs=1005 nmethods=658 adapters=261
 compilation: enabled

Compilation events (10 events):
Event: 3.241 Thread 0x00007ff9ed82f800  654 %     4       sun.awt.image.ByteInterleavedRaster::getByteData @ 475 (851 bytes)
Event: 3.257 Thread 0x00007ff9ed82f800 nmethod 654% 0x000000011122a610 code [0x000000011122a780, 0x000000011122af98]
Event: 3.304 Thread 0x00007ff9ee80d000  655       4       sun.awt.image.SunWritableRaster::markDirty (8 bytes)
Event: 3.305 Thread 0x00007ff9ee80d000 nmethod 655 0x000000011122a3d0 code [0x000000011122a520, 0x000000011122a598]
Event: 3.324 Thread 0x00007ff9ed82f800  656       4       sun.awt.image.ByteInterleavedRaster::getDataElements (18 bytes)
Event: 3.325 Thread 0x00007ff9ed82f800 nmethod 656 0x000000011122a0d0 code [0x000000011122a220, 0x000000011122a2e8]
Event: 3.325 Thread 0x00007ff9ed82f800  657       4       sun.awt.image.ByteInterleavedRaster::setDataElements (18 bytes)
Event: 3.326 Thread 0x00007ff9ed82f800 nmethod 657 0x000000011122b990 code [0x000000011122bae0, 0x000000011122bbc8]
Event: 3.794 Thread 0x00007ff9ed85c000  658       1       java.nio.charset.Charset::name (5 bytes)
Event: 3.795 Thread 0x00007ff9ed85c000 nmethod 658 0x000000011122b6d0 code [0x000000011122b820, 0x000000011122b930]

GC Heap History (2 events):
Event: 2.908 GC heap before
{Heap before GC invocations=1 (full 0):
 PSYoungGen      total 38400K, used 33280K [0x0000000795580000, 0x0000000798000000, 0x00000007c0000000)
  eden space 33280K, 100% used [0x0000000795580000,0x0000000797600000,0x0000000797600000)
  from space 5120K, 0% used [0x0000000797b00000,0x0000000797b00000,0x0000000798000000)
  to   space 5120K, 0% used [0x0000000797600000,0x0000000797600000,0x0000000797b00000)
 ParOldGen       total 87552K, used 26905K [0x0000000740000000, 0x0000000745580000, 0x0000000795580000)
  object space 87552K, 30% used [0x0000000740000000,0x0000000741a467c0,0x0000000745580000)
 Metaspace       used 8369K, capacity 8570K, committed 8704K, reserved 1056768K
  class space    used 915K, capacity 985K, committed 1024K, reserved 1048576K
Event: 2.915 GC heap after
Heap after GC invocations=1 (full 0):
 PSYoungGen      total 38400K, used 2843K [0x0000000795580000, 0x0000000798000000, 0x00000007c0000000)
  eden space 33280K, 0% used [0x0000000795580000,0x0000000795580000,0x0000000797600000)
  from space 5120K, 55% used [0x0000000797600000,0x00000007978c6f78,0x0000000797b00000)
  to   space 5120K, 0% used [0x0000000797b00000,0x0000000797b00000,0x0000000798000000)
 ParOldGen       total 87552K, used 26913K [0x0000000740000000, 0x0000000745580000, 0x0000000795580000)
  object space 87552K, 30% used [0x0000000740000000,0x0000000741a487c0,0x0000000745580000)
 Metaspace       used 8369K, capacity 8570K, committed 8704K, reserved 1056768K
  class space    used 915K, capacity 985K, committed 1024K, reserved 1048576K
}

Deoptimization events (3 events):
Event: 0.671 Thread 0x00007ff9ed00c800 Uncommon trap: reason=unstable_if action=reinterpret pc=0x00000001110ca040 method=java.lang.String.indexOf(II)I @ 49
Event: 1.918 Thread 0x00007ff9ed00c800 Uncommon trap: reason=unstable_if action=reinterpret pc=0x000000011119bef4 method=javax.imageio.stream.FileImageInputStream.read([BII)I @ 24
Event: 2.287 Thread 0x00007ff9ed00c800 Uncommon trap: reason=unstable_if action=reinterpret pc=0x00000001111c39c4 method=java.lang.String.lastIndexOf([CII[CIII)I @ 118

Internal exceptions (10 events):
Event: 0.162 Thread 0x00007ff9ed00c800 Exception <a 'java/lang/NoSuchMethodError': Method sun.misc.Unsafe.prefetchRead(Ljava/lang/Object;J)V name or signature does not match> (0x00000007955930b8) thrown at [/HUDSON3/workspace/8-2-build-macosx-x86_64/jdk8u66/4988/hotspot/src/share/vm/prims/jni.
Event: 0.528 Thread 0x00007ff9ed00c800 Exception <a 'java/security/PrivilegedActionException'> (0x0000000795898bf0) thrown at [/HUDSON3/workspace/8-2-build-macosx-x86_64/jdk8u66/4988/hotspot/src/share/vm/prims/jvm.cpp, line 1386]
Event: 0.528 Thread 0x00007ff9ed00c800 Exception <a 'java/security/PrivilegedActionException'> (0x0000000795898e00) thrown at [/HUDSON3/workspace/8-2-build-macosx-x86_64/jdk8u66/4988/hotspot/src/share/vm/prims/jvm.cpp, line 1386]
Event: 0.529 Thread 0x00007ff9ed00c800 Exception <a 'java/security/PrivilegedActionException'> (0x000000079589c0a0) thrown at [/HUDSON3/workspace/8-2-build-macosx-x86_64/jdk8u66/4988/hotspot/src/share/vm/prims/jvm.cpp, line 1386]
Event: 0.529 Thread 0x00007ff9ed00c800 Exception <a 'java/security/PrivilegedActionException'> (0x000000079589c2b0) thrown at [/HUDSON3/workspace/8-2-build-macosx-x86_64/jdk8u66/4988/hotspot/src/share/vm/prims/jvm.cpp, line 1386]
Event: 0.692 Thread 0x00007ff9ed00c800 Exception <a 'java/io/FileNotFoundException'> (0x0000000795a32598) thrown at [/HUDSON3/workspace/8-2-build-macosx-x86_64/jdk8u66/4988/hotspot/src/share/vm/prims/jni.cpp, line 709]
Event: 1.138 Thread 0x00007ff9ed00c800 Exception <a 'java/lang/NoSuchFieldError': method resolution failed> (0x0000000795cb1c28) thrown at [/HUDSON3/workspace/8-2-build-macosx-x86_64/jdk8u66/4988/hotspot/src/share/vm/prims/methodHandles.cpp, line 1146]
Event: 1.142 Thread 0x00007ff9ed00c800 Exception <a 'java/lang/NoSuchFieldError': method resolution failed> (0x0000000795cbf348) thrown at [/HUDSON3/workspace/8-2-build-macosx-x86_64/jdk8u66/4988/hotspot/src/share/vm/prims/methodHandles.cpp, line 1146]
Event: 1.650 Thread 0x00007ff9ed00c800 Exception <a 'java/io/FileNotFoundException'> (0x0000000795d38090) thrown at [/HUDSON3/workspace/8-2-build-macosx-x86_64/jdk8u66/4988/hotspot/src/share/vm/prims/jni.cpp, line 709]
Event: 1.650 Thread 0x00007ff9ed00c800 Exception <a 'java/io/FileNotFoundException'> (0x0000000795d38c08) thrown at [/HUDSON3/workspace/8-2-build-macosx-x86_64/jdk8u66/4988/hotspot/src/share/vm/prims/jni.cpp, line 709]

Events (10 events):
Event: 3.108 loading class javax/imageio/IIOImage
Event: 3.108 loading class javax/imageio/IIOImage done
Event: 3.543 loading class java/nio/DirectByteBuffer$Deallocator
Event: 3.543 loading class java/nio/DirectByteBuffer$Deallocator done
Event: 3.551 loading class java/lang/StrictMath
Event: 3.552 loading class java/lang/StrictMath done
Event: 3.552 loading class com/sun/jna/Native$Buffers
Event: 3.552 loading class com/sun/jna/Native$Buffers done
Event: 4.295 Executing VM operation: EnableBiasedLocking
Event: 4.295 Executing VM operation: EnableBiasedLocking done


Dynamic libraries:
0x00000000287f8000 	/System/Library/Frameworks/Cocoa.framework/Versions/A/Cocoa
0x00000000287f8000 	/System/Library/Frameworks/Security.framework/Versions/A/Security
0x00000000287f8000 	/System/Library/Frameworks/ApplicationServices.framework/Versions/A/ApplicationServices
0x00000000287f8000 	/usr/lib/libz.1.dylib
0x00000000287f8000 	/usr/lib/libSystem.B.dylib
0x00000000287f8000 	/usr/lib/libobjc.A.dylib
0x00000000287f8000 	/System/Library/Frameworks/CoreFoundation.framework/Versions/A/CoreFoundation
0x00000000287f8000 	/System/Library/Frameworks/Foundation.framework/Versions/C/Foundation
0x00000000287f8000 	/System/Library/Frameworks/AppKit.framework/Versions/C/AppKit
0x00000000287f8000 	/System/Library/Frameworks/CoreData.framework/Versions/A/CoreData
0x00000000287f8000 	/System/Library/PrivateFrameworks/RemoteViewServices.framework/Versions/A/RemoteViewServices
0x00000000287f8000 	/System/Library/PrivateFrameworks/UIFoundation.framework/Versions/A/UIFoundation
0x00000000287f8000 	/System/Library/PrivateFrameworks/DFRFoundation.framework/Versions/A/DFRFoundation
0x00000000287f8000 	/System/Library/Frameworks/Metal.framework/Versions/A/Metal
0x00000000287f8000 	/System/Library/PrivateFrameworks/DesktopServicesPriv.framework/Versions/A/DesktopServicesPriv
0x00000000287f8000 	/usr/lib/libenergytrace.dylib
0x00000000287f8000 	/System/Library/PrivateFrameworks/SkyLight.framework/Versions/A/SkyLight
0x00000000287f8000 	/System/Library/Frameworks/CoreGraphics.framework/Versions/A/CoreGraphics
0x00000000287f8000 	/usr/lib/libScreenReader.dylib
0x00000000287f8000 	/System/Library/Frameworks/Accelerate.framework/Versions/A/Accelerate
0x00000000287f8000 	/System/Library/Frameworks/IOSurface.framework/Versions/A/IOSurface
0x00000000287f8000 	/System/Library/Frameworks/AudioToolbox.framework/Versions/A/AudioToolbox
0x00000000287f8000 	/System/Library/Frameworks/AudioUnit.framework/Versions/A/AudioUnit
0x00000000287f8000 	/System/Library/PrivateFrameworks/DataDetectorsCore.framework/Versions/A/DataDetectorsCore
0x00000000287f8000 	/System/Library/Frameworks/Carbon.framework/Versions/A/Frameworks/HIToolbox.framework/Versions/A/HIToolbox
0x00000000287f8000 	/usr/lib/libicucore.A.dylib
0x00000000287f8000 	/System/Library/Frameworks/QuartzCore.framework/Versions/A/QuartzCore
0x00000000287f8000 	/System/Library/PrivateFrameworks/SignpostNotification.framework/Versions/A/SignpostNotification
0x00000000287f8000 	/System/Library/Frameworks/Carbon.framework/Versions/A/Frameworks/SpeechRecognition.framework/Versions/A/SpeechRecognition
0x00000000287f8000 	/usr/lib/libauto.dylib
0x00000000287f8000 	/usr/lib/libxml2.2.dylib
0x00000000287f8000 	/System/Library/PrivateFrameworks/CoreUI.framework/Versions/A/CoreUI
0x00000000287f8000 	/System/Library/Frameworks/CoreAudio.framework/Versions/A/CoreAudio
0x00000000287f8000 	/System/Library/Frameworks/DiskArbitration.framework/Versions/A/DiskArbitration
0x00000000287f8000 	/usr/lib/liblangid.dylib
0x00000000287f8000 	/System/Library/PrivateFrameworks/MultitouchSupport.framework/Versions/A/MultitouchSupport
0x00000000287f8000 	/System/Library/Frameworks/IOKit.framework/Versions/A/IOKit
0x00000000287f8000 	/usr/lib/libDiagnosticMessagesClient.dylib
0x00000000287f8000 	/System/Library/Frameworks/CoreServices.framework/Versions/A/CoreServices
0x00000000287f8000 	/System/Library/PrivateFrameworks/PerformanceAnalysis.framework/Versions/A/PerformanceAnalysis
0x00000000287f8000 	/System/Library/Frameworks/OpenGL.framework/Versions/A/OpenGL
0x00000000287f8000 	/System/Library/Frameworks/ColorSync.framework/Versions/A/ColorSync
0x00000000287f8000 	/System/Library/Frameworks/CoreImage.framework/Versions/A/CoreImage
0x00000000287f8000 	/System/Library/Frameworks/CoreText.framework/Versions/A/CoreText
0x00000000287f8000 	/System/Library/Frameworks/ImageIO.framework/Versions/A/ImageIO
0x00000000287f8000 	/System/Library/PrivateFrameworks/Backup.framework/Versions/A/Backup
0x00000000287f8000 	/usr/lib/libarchive.2.dylib
0x00000000287f8000 	/System/Library/Frameworks/CFNetwork.framework/Versions/A/CFNetwork
0x00000000287f8000 	/System/Library/Frameworks/SystemConfiguration.framework/Versions/A/SystemConfiguration
0x00000000287f8000 	/usr/lib/libCRFSuite.dylib
0x00000000287f8000 	/usr/lib/libc++.1.dylib
0x00000000287f8000 	/usr/lib/libc++abi.dylib
0x00000000287f8000 	/usr/lib/system/libcache.dylib
0x00000000287f8000 	/usr/lib/system/libcommonCrypto.dylib
0x00000000287f8000 	/usr/lib/system/libcompiler_rt.dylib
0x00000000287f8000 	/usr/lib/system/libcopyfile.dylib
0x00000000287f8000 	/usr/lib/system/libcorecrypto.dylib
0x00000000287f8000 	/usr/lib/system/libdispatch.dylib
0x00000000287f8000 	/usr/lib/system/libdyld.dylib
0x00000000287f8000 	/usr/lib/system/libkeymgr.dylib
0x00000000287f8000 	/usr/lib/system/liblaunch.dylib
0x00000000287f8000 	/usr/lib/system/libmacho.dylib
0x00000000287f8000 	/usr/lib/system/libquarantine.dylib
0x00000000287f8000 	/usr/lib/system/libremovefile.dylib
0x00000000287f8000 	/usr/lib/system/libsystem_asl.dylib
0x00000000287f8000 	/usr/lib/system/libsystem_blocks.dylib
0x00000000287f8000 	/usr/lib/system/libsystem_c.dylib
0x00000000287f8000 	/usr/lib/system/libsystem_configuration.dylib
0x00000000287f8000 	/usr/lib/system/libsystem_coreservices.dylib
0x00000000287f8000 	/usr/lib/system/libsystem_darwin.dylib
0x00000000287f8000 	/usr/lib/system/libsystem_dnssd.dylib
0x00000000287f8000 	/usr/lib/system/libsystem_info.dylib
0x00000000287f8000 	/usr/lib/system/libsystem_m.dylib
0x00000000287f8000 	/usr/lib/system/libsystem_malloc.dylib
0x00000000287f8000 	/usr/lib/system/libsystem_network.dylib
0x00000000287f8000 	/usr/lib/system/libsystem_networkextension.dylib
0x00000000287f8000 	/usr/lib/system/libsystem_notify.dylib
0x00000000287f8000 	/usr/lib/system/libsystem_sandbox.dylib
0x00000000287f8000 	/usr/lib/system/libsystem_secinit.dylib
0x00000000287f8000 	/usr/lib/system/libsystem_kernel.dylib
0x00000000287f8000 	/usr/lib/system/libsystem_platform.dylib
0x00000000287f8000 	/usr/lib/system/libsystem_pthread.dylib
0x00000000287f8000 	/usr/lib/system/libsystem_symptoms.dylib
0x00000000287f8000 	/usr/lib/system/libsystem_trace.dylib
0x00000000287f8000 	/usr/lib/system/libunwind.dylib
0x00000000287f8000 	/usr/lib/system/libxpc.dylib
0x00000000287f8000 	/usr/lib/closure/libclosured.dylib
0x00000000287f8000 	/usr/lib/libbsm.0.dylib
0x00000000287f8000 	/usr/lib/system/libkxld.dylib
0x00000000287f8000 	/usr/lib/libOpenScriptingUtil.dylib
0x00000000287f8000 	/usr/lib/libcoretls.dylib
0x00000000287f8000 	/usr/lib/libcoretls_cfhelpers.dylib
0x00000000287f8000 	/usr/lib/libpam.2.dylib
0x00000000287f8000 	/usr/lib/libsqlite3.dylib
0x00000000287f8000 	/usr/lib/libxar.1.dylib
0x00000000287f8000 	/usr/lib/libbz2.1.0.dylib
0x00000000287f8000 	/usr/lib/liblzma.5.dylib
0x00000000287f8000 	/usr/lib/libnetwork.dylib
0x00000000287f8000 	/usr/lib/libapple_nghttp2.dylib
0x00000000287f8000 	/usr/lib/libpcap.A.dylib
0x00000000287f8000 	/usr/lib/libboringssl.dylib
0x00000000287f8000 	/usr/lib/libusrtcp.dylib
0x00000000287f8000 	/usr/lib/libapple_crypto.dylib
0x00000000287f8000 	/System/Library/Frameworks/CoreServices.framework/Versions/A/Frameworks/FSEvents.framework/Versions/A/FSEvents
0x00000000287f8000 	/System/Library/Frameworks/CoreServices.framework/Versions/A/Frameworks/CarbonCore.framework/Versions/A/CarbonCore
0x00000000287f8000 	/System/Library/Frameworks/CoreServices.framework/Versions/A/Frameworks/Metadata.framework/Versions/A/Metadata
0x00000000287f8000 	/System/Library/Frameworks/CoreServices.framework/Versions/A/Frameworks/OSServices.framework/Versions/A/OSServices
0x00000000287f8000 	/System/Library/Frameworks/CoreServices.framework/Versions/A/Frameworks/SearchKit.framework/Versions/A/SearchKit
0x00000000287f8000 	/System/Library/Frameworks/CoreServices.framework/Versions/A/Frameworks/AE.framework/Versions/A/AE
0x00000000287f8000 	/System/Library/Frameworks/CoreServices.framework/Versions/A/Frameworks/LaunchServices.framework/Versions/A/LaunchServices
0x00000000287f8000 	/System/Library/Frameworks/CoreServices.framework/Versions/A/Frameworks/DictionaryServices.framework/Versions/A/DictionaryServices
0x00000000287f8000 	/System/Library/Frameworks/CoreServices.framework/Versions/A/Frameworks/SharedFileList.framework/Versions/A/SharedFileList
0x00000000287f8000 	/System/Library/Frameworks/NetFS.framework/Versions/A/NetFS
0x00000000287f8000 	/System/Library/PrivateFrameworks/NetAuth.framework/Versions/A/NetAuth
0x00000000287f8000 	/System/Library/PrivateFrameworks/login.framework/Versions/A/Frameworks/loginsupport.framework/Versions/A/loginsupport
0x00000000287f8000 	/System/Library/PrivateFrameworks/TCC.framework/Versions/A/TCC
0x00000000287f8000 	/usr/lib/libmecabra.dylib
0x00000000287f8000 	/System/Library/Frameworks/ApplicationServices.framework/Versions/A/Frameworks/ATS.framework/Versions/A/ATS
0x00000000287f8000 	/System/Library/Frameworks/ApplicationServices.framework/Versions/A/Frameworks/ColorSyncLegacy.framework/Versions/A/ColorSyncLegacy
0x00000000287f8000 	/System/Library/Frameworks/ApplicationServices.framework/Versions/A/Frameworks/HIServices.framework/Versions/A/HIServices
0x00000000287f8000 	/System/Library/Frameworks/ApplicationServices.framework/Versions/A/Frameworks/LangAnalysis.framework/Versions/A/LangAnalysis
0x00000000287f8000 	/System/Library/Frameworks/ApplicationServices.framework/Versions/A/Frameworks/PrintCore.framework/Versions/A/PrintCore
0x00000000287f8000 	/System/Library/Frameworks/ApplicationServices.framework/Versions/A/Frameworks/QD.framework/Versions/A/QD
0x00000000287f8000 	/System/Library/Frameworks/ApplicationServices.framework/Versions/A/Frameworks/SpeechSynthesis.framework/Versions/A/SpeechSynthesis
0x00000000287f8000 	/System/Library/Frameworks/CoreDisplay.framework/Versions/A/CoreDisplay
0x00000000287f8000 	/System/Library/Frameworks/Accelerate.framework/Versions/A/Frameworks/vImage.framework/Versions/A/vImage
0x00000000287f8000 	/System/Library/Frameworks/Accelerate.framework/Versions/A/Frameworks/vecLib.framework/Versions/A/vecLib
0x00000000287f8000 	/System/Library/Frameworks/Accelerate.framework/Versions/A/Frameworks/vecLib.framework/Versions/A/libvDSP.dylib
0x00000000287f8000 	/System/Library/Frameworks/Accelerate.framework/Versions/A/Frameworks/vecLib.framework/Versions/A/libBNNS.dylib
0x00000000287f8000 	/System/Library/Frameworks/Accelerate.framework/Versions/A/Frameworks/vecLib.framework/Versions/A/libQuadrature.dylib
0x00000000287f8000 	/System/Library/Frameworks/Accelerate.framework/Versions/A/Frameworks/vecLib.framework/Versions/A/libvMisc.dylib
0x00000000287f8000 	/System/Library/Frameworks/Accelerate.framework/Versions/A/Frameworks/vecLib.framework/Versions/A/libLAPACK.dylib
0x00000000287f8000 	/System/Library/Frameworks/Accelerate.framework/Versions/A/Frameworks/vecLib.framework/Versions/A/libBLAS.dylib
0x00000000287f8000 	/System/Library/Frameworks/Accelerate.framework/Versions/A/Frameworks/vecLib.framework/Versions/A/libLinearAlgebra.dylib
0x00000000287f8000 	/System/Library/Frameworks/Accelerate.framework/Versions/A/Frameworks/vecLib.framework/Versions/A/libSparse.dylib
0x00000000287f8000 	/System/Library/Frameworks/Accelerate.framework/Versions/A/Frameworks/vecLib.framework/Versions/A/libSparseBLAS.dylib
0x00000000287f8000 	/System/Library/PrivateFrameworks/GPUWrangler.framework/Versions/A/GPUWrangler
0x00000000287f8000 	/System/Library/PrivateFrameworks/IOAccelerator.framework/Versions/A/IOAccelerator
0x00000000287f8000 	/System/Library/PrivateFrameworks/IOPresentment.framework/Versions/A/IOPresentment
0x00000000287f8000 	/System/Library/PrivateFrameworks/DSExternalDisplay.framework/Versions/A/DSExternalDisplay
0x00000000287f8000 	/System/Library/Frameworks/OpenGL.framework/Versions/A/Libraries/libCoreFSCache.dylib
0x00000000287f8000 	/System/Library/Frameworks/CoreVideo.framework/Versions/A/CoreVideo
0x00000000287f8000 	/System/Library/PrivateFrameworks/GraphVisualizer.framework/Versions/A/GraphVisualizer
0x00000000287f8000 	/System/Library/Frameworks/MetalPerformanceShaders.framework/Versions/A/MetalPerformanceShaders
0x00000000287f8000 	/usr/lib/libFosl_dynamic.dylib
0x00000000287f8000 	/System/Library/PrivateFrameworks/FaceCore.framework/Versions/A/FaceCore
0x00000000287f8000 	/System/Library/Frameworks/OpenCL.framework/Versions/A/OpenCL
0x00000000287f8000 	/usr/lib/libcompression.dylib
0x00000000287f8000 	/System/Library/Frameworks/ApplicationServices.framework/Versions/A/Frameworks/ATS.framework/Versions/A/Resources/libFontParser.dylib
0x00000000287f8000 	/System/Library/Frameworks/ApplicationServices.framework/Versions/A/Frameworks/ATS.framework/Versions/A/Resources/libFontRegistry.dylib
0x00000000287f8000 	/System/Library/Frameworks/ImageIO.framework/Versions/A/Resources/libJPEG.dylib
0x00000000287f8000 	/System/Library/Frameworks/ImageIO.framework/Versions/A/Resources/libTIFF.dylib
0x00000000287f8000 	/System/Library/Frameworks/ImageIO.framework/Versions/A/Resources/libPng.dylib
0x00000000287f8000 	/System/Library/Frameworks/ImageIO.framework/Versions/A/Resources/libGIF.dylib
0x00000000287f8000 	/System/Library/Frameworks/ImageIO.framework/Versions/A/Resources/libJP2.dylib
0x00000000287f8000 	/System/Library/Frameworks/ImageIO.framework/Versions/A/Resources/libRadiance.dylib
0x00000000287f8000 	/System/Library/PrivateFrameworks/AppleJPEG.framework/Versions/A/AppleJPEG
0x00000000287f8000 	/System/Library/Frameworks/MetalPerformanceShaders.framework/Frameworks/MPSCore.framework/Versions/A/MPSCore
0x00000000287f8000 	/System/Library/Frameworks/MetalPerformanceShaders.framework/Frameworks/MPSImage.framework/Versions/A/MPSImage
0x00000000287f8000 	/System/Library/Frameworks/MetalPerformanceShaders.framework/Frameworks/MPSNeuralNetwork.framework/Versions/A/MPSNeuralNetwork
0x00000000287f8000 	/System/Library/Frameworks/MetalPerformanceShaders.framework/Frameworks/MPSMatrix.framework/Versions/A/MPSMatrix
0x00000000287f8000 	/System/Library/PrivateFrameworks/MetalTools.framework/Versions/A/MetalTools
0x00000000287f8000 	/System/Library/Frameworks/OpenGL.framework/Versions/A/Libraries/libGLU.dylib
0x00000000287f8000 	/System/Library/Frameworks/OpenGL.framework/Versions/A/Libraries/libGFXShared.dylib
0x00000000287f8000 	/System/Library/Frameworks/OpenGL.framework/Versions/A/Libraries/libGL.dylib
0x00000000287f8000 	/System/Library/Frameworks/OpenGL.framework/Versions/A/Libraries/libGLImage.dylib
0x00000000287f8000 	/System/Library/Frameworks/OpenGL.framework/Versions/A/Libraries/libCVMSPluginSupport.dylib
0x00000000287f8000 	/System/Library/Frameworks/OpenGL.framework/Versions/A/Libraries/libCoreVMClient.dylib
0x00000000287f8000 	/usr/lib/libcups.2.dylib
0x00000000287f8000 	/System/Library/Frameworks/Kerberos.framework/Versions/A/Kerberos
0x00000000287f8000 	/System/Library/Frameworks/GSS.framework/Versions/A/GSS
0x00000000287f8000 	/usr/lib/libresolv.9.dylib
0x00000000287f8000 	/usr/lib/libiconv.2.dylib
0x00000000287f8000 	/System/Library/PrivateFrameworks/Heimdal.framework/Versions/A/Heimdal
0x00000000287f8000 	/usr/lib/libheimdal-asn1.dylib
0x00000000287f8000 	/System/Library/Frameworks/OpenDirectory.framework/Versions/A/OpenDirectory
0x00000000287f8000 	/System/Library/PrivateFrameworks/CommonAuth.framework/Versions/A/CommonAuth
0x00000000287f8000 	/System/Library/Frameworks/OpenDirectory.framework/Versions/A/Frameworks/CFOpenDirectory.framework/Versions/A/CFOpenDirectory
0x00000000287f8000 	/System/Library/Frameworks/SecurityFoundation.framework/Versions/A/SecurityFoundation
0x00000000287f8000 	/System/Library/PrivateFrameworks/APFS.framework/Versions/A/APFS
0x00000000287f8000 	/usr/lib/libutil.dylib
0x00000000287f8000 	/System/Library/PrivateFrameworks/AppleSauce.framework/Versions/A/AppleSauce
0x00000000287f8000 	/System/Library/PrivateFrameworks/LinguisticData.framework/Versions/A/LinguisticData
0x00000000287f8000 	/usr/lib/libmarisa.dylib
0x00000000287f8000 	/System/Library/PrivateFrameworks/Lexicon.framework/Versions/A/Lexicon
0x00000000287f8000 	/usr/lib/libChineseTokenizer.dylib
0x00000000287f8000 	/usr/lib/libcmph.dylib
0x00000000287f8000 	/System/Library/PrivateFrameworks/LanguageModeling.framework/Versions/A/LanguageModeling
0x00000000287f8000 	/System/Library/PrivateFrameworks/CoreEmoji.framework/Versions/A/CoreEmoji
0x00000000287f8000 	/System/Library/Frameworks/ServiceManagement.framework/Versions/A/ServiceManagement
0x00000000287f8000 	/System/Library/PrivateFrameworks/BackgroundTaskManagement.framework/Versions/A/BackgroundTaskManagement
0x00000000287f8000 	/usr/lib/libxslt.1.dylib
0x00000000287f8000 	/System/Library/Frameworks/Carbon.framework/Versions/A/Frameworks/Ink.framework/Versions/A/Ink
0x00000000287f8000 	/System/Library/PrivateFrameworks/TextureIO.framework/Versions/A/TextureIO
0x00000000287f8000 	/usr/lib/libate.dylib
0x00000000287f8000 	/System/Library/PrivateFrameworks/CrashReporterSupport.framework/Versions/A/CrashReporterSupport
0x00000000287f8000 	/System/Library/PrivateFrameworks/Sharing.framework/Versions/A/Sharing
0x00000000287f8000 	/System/Library/PrivateFrameworks/IconServices.framework/Versions/A/IconServices
0x00000000287f8000 	/System/Library/PrivateFrameworks/AuthKit.framework/Versions/A/AuthKit
0x00000000287f8000 	/System/Library/PrivateFrameworks/Apple80211.framework/Versions/A/Apple80211
0x00000000287f8000 	/System/Library/PrivateFrameworks/CoreUtils.framework/Versions/A/CoreUtils
0x00000000287f8000 	/System/Library/Frameworks/CoreWLAN.framework/Versions/A/CoreWLAN
0x00000000287f8000 	/System/Library/Frameworks/IOBluetooth.framework/Versions/A/IOBluetooth
0x00000000287f8000 	/System/Library/PrivateFrameworks/ProtocolBuffer.framework/Versions/A/ProtocolBuffer
0x00000000287f8000 	/System/Library/PrivateFrameworks/MobileKeyBag.framework/Versions/A/MobileKeyBag
0x00000000287f8000 	/System/Library/PrivateFrameworks/CorePhoneNumbers.framework/Versions/A/CorePhoneNumbers
0x00000000287f8000 	/System/Library/PrivateFrameworks/AppleIDAuthSupport.framework/Versions/A/AppleIDAuthSupport
0x00000000287f8000 	/System/Library/PrivateFrameworks/KeychainCircle.framework/Versions/A/KeychainCircle
0x00000000287f8000 	/System/Library/PrivateFrameworks/CoreWiFi.framework/Versions/A/CoreWiFi
0x00000000287f8000 	/System/Library/Frameworks/CoreBluetooth.framework/Versions/A/CoreBluetooth
0x00000000287f8000 	/System/Library/PrivateFrameworks/DebugSymbols.framework/Versions/A/DebugSymbols
0x00000000287f8000 	/System/Library/PrivateFrameworks/CoreSymbolication.framework/Versions/A/CoreSymbolication
0x00000000287f8000 	/System/Library/PrivateFrameworks/Symbolication.framework/Versions/A/Symbolication
0x00000000287f8000 	/System/Library/PrivateFrameworks/AppleFSCompression.framework/Versions/A/AppleFSCompression
0x00000000287f8000 	/System/Library/PrivateFrameworks/SpeechRecognitionCore.framework/Versions/A/SpeechRecognitionCore
0x000000010d200000 	/Library/Java/JavaVirtualMachines/jdk1.8.0_66.jdk/Contents/Home/jre/lib/server/libjvm.dylib
0x00000000287f8000 	/usr/lib/libstdc++.6.0.9.dylib
0x000000010c8bc000 	/Library/Java/JavaVirtualMachines/jdk1.8.0_66.jdk/Contents/Home/jre/lib/libverify.dylib
0x000000010c8ca000 	/Library/Java/JavaVirtualMachines/jdk1.8.0_66.jdk/Contents/Home/jre/lib/libjava.dylib
0x000000010c949000 	/Library/Java/JavaVirtualMachines/jdk1.8.0_66.jdk/Contents/Home/jre/lib/libzip.dylib
0x00000000287f8000 	/System/Library/Frameworks/JavaVM.framework/Versions/A/Frameworks/JavaRuntimeSupport.framework/Versions/A/JavaRuntimeSupport
0x00000000287f8000 	/System/Library/Frameworks/JavaVM.framework/Versions/A/Frameworks/JavaNativeFoundation.framework/Versions/A/JavaNativeFoundation
0x00000000287f8000 	/System/Library/Frameworks/JavaVM.framework/Versions/A/JavaVM
0x00000000287f8000 	/System/Library/Frameworks/Carbon.framework/Versions/A/Carbon
0x00000000287f8000 	/System/Library/PrivateFrameworks/JavaLaunching.framework/Versions/A/JavaLaunching
0x00000000287f8000 	/System/Library/Frameworks/Carbon.framework/Versions/A/Frameworks/CommonPanels.framework/Versions/A/CommonPanels
0x00000000287f8000 	/System/Library/Frameworks/Carbon.framework/Versions/A/Frameworks/Help.framework/Versions/A/Help
0x00000000287f8000 	/System/Library/Frameworks/Carbon.framework/Versions/A/Frameworks/ImageCapture.framework/Versions/A/ImageCapture
0x00000000287f8000 	/System/Library/Frameworks/Carbon.framework/Versions/A/Frameworks/OpenScripting.framework/Versions/A/OpenScripting
0x00000000287f8000 	/System/Library/Frameworks/Carbon.framework/Versions/A/Frameworks/Print.framework/Versions/A/Print
0x00000000287f8000 	/System/Library/Frameworks/Carbon.framework/Versions/A/Frameworks/SecurityHI.framework/Versions/A/SecurityHI
0x0000000110b67000 	/Library/Java/JavaVirtualMachines/jdk1.8.0_66.jdk/Contents/Home/jre/lib/libawt.dylib
0x0000000110c0f000 	/Library/Java/JavaVirtualMachines/jdk1.8.0_66.jdk/Contents/Home/jre/lib/./libmlib_image.dylib
0x0000000110cdb000 	/Library/Java/JavaVirtualMachines/jdk1.8.0_66.jdk/Contents/Home/jre/lib/libawt_lwawt.dylib
0x0000000110d90000 	/Library/Java/JavaVirtualMachines/jdk1.8.0_66.jdk/Contents/Home/jre/lib/./libosxapp.dylib
0x00000000287f8000 	/System/Library/Frameworks/ExceptionHandling.framework/Versions/A/ExceptionHandling
0x00000000287f8000 	/System/Library/PrivateFrameworks/CoreServicesInternal.framework/Versions/A/CoreServicesInternal
0x00000000287f8000 	/System/Library/CoreServices/RawCamera.bundle/Contents/MacOS/RawCamera
0x00000000287f8000 	/System/Library/PrivateFrameworks/MobileAsset.framework/Versions/A/MobileAsset
0x00000000287f8000 	/System/Library/PrivateFrameworks/StreamingZip.framework/Versions/A/StreamingZip
0x00000000287f8000 	/System/Library/Frameworks/MediaToolbox.framework/Versions/A/MediaToolbox
0x00000000287f8000 	/System/Library/PrivateFrameworks/CoreAVCHD.framework/Versions/A/CoreAVCHD
0x00000000287f8000 	/System/Library/Frameworks/MediaAccessibility.framework/Versions/A/MediaAccessibility
0x00000000287f8000 	/System/Library/PrivateFrameworks/Mangrove.framework/Versions/A/Mangrove
0x00000000287f8000 	/System/Library/Frameworks/CoreMedia.framework/Versions/A/CoreMedia
0x00000000287f8000 	/System/Library/Frameworks/VideoToolbox.framework/Versions/A/VideoToolbox
0x00000000287f8000 	/System/Library/PrivateFrameworks/CoreAUC.framework/Versions/A/CoreAUC
0x00000000287f8000 	/usr/lib/libspindump.dylib
0x00000000287f8000 	/System/Library/PrivateFrameworks/AppleVA.framework/Versions/A/AppleVA
0x00000000287f8000 	/System/Library/Frameworks/Accelerate.framework/Versions/A/Frameworks/vImage.framework/Versions/A/Libraries/libCGInterfaces.dylib
0x00000000287f8000 	/System/Library/Frameworks/ApplicationServices.framework/Versions/A/Frameworks/ATS.framework/Versions/A/Resources/libTrueTypeScaler.dylib
0x00000000287f8000 	/System/Library/Extensions/AppleIntelHD4000GraphicsMTLDriver.bundle/Contents/MacOS/AppleIntelHD4000GraphicsMTLDriver
0x00000000287f8000 	/System/Library/PrivateFrameworks/GPUCompiler.framework/Versions/3802/Libraries/libmetal_timestamp.dylib
0x00000000287f8000 	/System/Library/PrivateFrameworks/FamilyControls.framework/Versions/A/FamilyControls
0x00000000287f8000 	/System/Library/PrivateFrameworks/CommerceKit.framework/Versions/A/Frameworks/CommerceCore.framework/Versions/A/CommerceCore
0x00000000287f8000 	/System/Library/PrivateFrameworks/SystemAdministration.framework/Versions/A/SystemAdministration
0x00000000287f8000 	/System/Library/PrivateFrameworks/AppContainer.framework/Versions/A/AppContainer
0x00000000287f8000 	/System/Library/PrivateFrameworks/SecCodeWrapper.framework/Versions/A/SecCodeWrapper
0x00000000287f8000 	/System/Library/PrivateFrameworks/DiskManagement.framework/Versions/A/DiskManagement
0x00000000287f8000 	/System/Library/Frameworks/DirectoryService.framework/Versions/A/DirectoryService
0x00000000287f8000 	/System/Library/PrivateFrameworks/DiskImages.framework/Versions/A/DiskImages
0x00000000287f8000 	/System/Library/PrivateFrameworks/LoginUIKit.framework/Versions/A/Frameworks/LoginUICore.framework/Versions/A/LoginUICore
0x00000000287f8000 	/usr/lib/libCoreStorage.dylib
0x00000000287f8000 	/usr/lib/libcsfde.dylib
0x00000000287f8000 	/usr/lib/libodfde.dylib
0x00000000287f8000 	/System/Library/PrivateFrameworks/MediaKit.framework/Versions/A/MediaKit
0x00000000287f8000 	/System/Library/Frameworks/DiscRecording.framework/Versions/A/DiscRecording
0x00000000287f8000 	/System/Library/PrivateFrameworks/EFILogin.framework/Versions/A/EFILogin
0x00000000287f8000 	/System/Library/PrivateFrameworks/ProtectedCloudStorage.framework/Versions/A/ProtectedCloudStorage
0x00000000287f8000 	/usr/lib/libcurl.4.dylib
0x00000000287f8000 	/usr/lib/libcrypto.35.dylib
0x00000000287f8000 	/usr/lib/libssl.35.dylib
0x00000000287f8000 	/System/Library/Frameworks/LDAP.framework/Versions/A/LDAP
0x00000000287f8000 	/System/Library/PrivateFrameworks/TrustEvaluationAgent.framework/Versions/A/TrustEvaluationAgent
0x00000000287f8000 	/usr/lib/libsasl2.2.dylib
0x00000000287f8000 	/System/Library/PrivateFrameworks/CoreDaemon.framework/Versions/B/CoreDaemon
0x00000000287f8000 	/System/Library/PrivateFrameworks/AppleSRP.framework/Versions/A/AppleSRP
0x0000000127c9c000 	/Library/Java/JavaVirtualMachines/jdk1.8.0_66.jdk/Contents/Home/jre/lib/libjpeg.dylib
0x0000000127217000 	/Users/pranaysadarangani/Library/Caches/JNA/temp/jna821374674229747431.tmp
0x0000000127cc9000 	/usr/local/lib/libtesseract.dylib
0x00000001281ba000 	/usr/local/opt/leptonica/lib/liblept.5.dylib
0x00000001283c6000 	/usr/local/opt/libpng/lib/libpng16.16.dylib
0x00000001283f1000 	/usr/local/opt/jpeg/lib/libjpeg.9.dylib
0x00000001278b2000 	/usr/local/opt/giflib/lib/libgif.7.dylib
0x0000000128424000 	/usr/local/opt/libtiff/lib/libtiff.5.dylib
0x000000012848d000 	/usr/local/opt/webp/lib/libwebp.7.dylib
0x00000001284f0000 	/usr/local/opt/openjpeg/lib/libopenjp2.7.dylib

VM Arguments:
jvm_args: -Dfile.encoding=UTF-8 
java_command: javaProject1Package.JavaProject1
java_class_path (initial): /Library/Java/JavaVirtualMachines/jdk1.8.0_66.jdk/Contents/Home/jre/lib/resources.jar:/Library/Java/JavaVirtualMachines/jdk1.8.0_66.jdk/Contents/Home/jre/lib/rt.jar:/Library/Java/JavaVirtualMachines/jdk1.8.0_66.jdk/Contents/Home/jre/lib/jsse.jar:/Library/Java/JavaVirtualMachines/jdk1.8.0_66.jdk/Contents/Home/jre/lib/jce.jar:/Library/Java/JavaVirtualMachines/jdk1.8.0_66.jdk/Contents/Home/jre/lib/charsets.jar:/Library/Java/JavaVirtualMachines/jdk1.8.0_66.jdk/Contents/Home/jre/lib/jfr.jar:/Library/Java/JavaVirtualMachines/jdk1.8.0_66.jdk/Contents/Home/jre/lib/ext/sunec.jar:/Library/Java/JavaVirtualMachines/jdk1.8.0_66.jdk/Contents/Home/jre/lib/ext/nashorn.jar:/Library/Java/JavaVirtualMachines/jdk1.8.0_66.jdk/Contents/Home/jre/lib/ext/cldrdata.jar:/Library/Java/JavaVirtualMachines/jdk1.8.0_66.jdk/Contents/Home/jre/lib/ext/jfxrt.jar:/Library/Java/JavaVirtualMachines/jdk1.8.0_66.jdk/Contents/Home/jre/lib/ext/dnsns.jar:/Library/Java/JavaVirtualMachines/jdk1.8.0_66.jdk/Contents/Home/jre/lib/ext/localedata.jar:/Library/Java/JavaVirtualMachines/jdk1.8.0_66.jdk/Contents/Home/jre/lib/ext/sunjce_provider.jar:/Library/Java/JavaVirtualMachines/jdk1.8.0_66.jdk/Contents/Home/jre/lib/ext/sunpkcs11.jar:/Library/Java/JavaVirtualMachines/jdk1.8.0_66.jdk/Contents/Home/jre/lib/ext/jaccess.jar:/Library/Java/JavaVirtualMachines/jdk1.8.0_66.jdk/Contents/Home/jre/lib/ext/zipfs.jar:/System/Library/Java/Extensions/MRJToolkit.jar:/Users/pranaysadarangani/eclipse-workspace/JavaProject1/target/classes:/Users/pranaysadarangani/.m2/repository/net/sourceforge/tess4j/tess4j/4.3.1/tess4j-4.3.1.jar:/Users/pranaysadarangani/.m2/repository/net/java/dev/jna/jna/5.1.0/jna-5.1.0.jar:/Users/pranaysadarangani/.m2/repository/com/github/jai-imageio/jai-imageio-core/1.4.0/jai-imageio-core-1.4.0.jar:/Users/pranaysadarangani/.m2/repository/org/ghost4j/ghost4j/1.0.1/ghost4j-1.0.1.jar:/Users/pranaysadarangani/.m2/repository/log4j/log4j/1.2.17/log4j-1.2.17.jar:/Users/pranaysadarangani/.m2/
Launcher Type: SUN_STANDARD

Environment Variables:
PATH=/usr/bin:/bin:/usr/sbin:/sbin
SHELL=/bin/bash

Signal Handlers:
SIGSEGV: [libjvm.dylib+0x5a65d5], sa_mask[0]=11111111011111110111111111111111, sa_flags=SA_ONSTACK|SA_RESTART|SA_SIGINFO
SIGBUS: [libjvm.dylib+0x5a65d5], sa_mask[0]=11111111011111110111111111111111, sa_flags=SA_RESTART|SA_SIGINFO
SIGFPE: [libjvm.dylib+0x4802e8], sa_mask[0]=11111111011111110111111111111111, sa_flags=SA_RESTART|SA_SIGINFO
SIGPIPE: [libjvm.dylib+0x4802e8], sa_mask[0]=11111111011111110111111111111111, sa_flags=SA_RESTART|SA_SIGINFO
SIGXFSZ: [libjvm.dylib+0x4802e8], sa_mask[0]=11111111011111110111111111111111, sa_flags=SA_RESTART|SA_SIGINFO
SIGILL: [libjvm.dylib+0x4802e8], sa_mask[0]=11111111011111110111111111111111, sa_flags=SA_RESTART|SA_SIGINFO
SIGUSR1: SIG_DFL, sa_mask[0]=00000000000000000000000000000000, sa_flags=none
SIGUSR2: [libjvm.dylib+0x47fe06], sa_mask[0]=00100000000000000000000000000000, sa_flags=SA_RESTART|SA_SIGINFO
SIGHUP: [libjvm.dylib+0x47e3dd], sa_mask[0]=11111111011111110111111111111111, sa_flags=SA_RESTART|SA_SIGINFO
SIGINT: [libjvm.dylib+0x47e3dd], sa_mask[0]=11111111011111110111111111111111, sa_flags=SA_RESTART|SA_SIGINFO
SIGTERM: [libjvm.dylib+0x47e3dd], sa_mask[0]=11111111011111110111111111111111, sa_flags=SA_RESTART|SA_SIGINFO
SIGQUIT: [libjvm.dylib+0x47e3dd], sa_mask[0]=11111111011111110111111111111111, sa_flags=SA_RESTART|SA_SIGINFO


---------------  S Y S T E M  ---------------

OS:Bsduname:Darwin 17.7.0 Darwin Kernel Version 17.7.0: Wed Apr 24 21:17:24 PDT 2019; root:xnu-4570.71.45~1/RELEASE_X86_64 x86_64
rlimit: STACK 8192k, CORE 0k, NPROC 709, NOFILE 10240, AS infinity
load average:4.55 2.99 3.11

CPU:total 4 (2 cores per cpu, 2 threads per core) family 6 model 58 stepping 9, cmov, cx8, fxsr, mmx, sse, sse2, sse3, ssse3, sse4.1, sse4.2, popcnt, avx, aes, clmul, erms, ht, tsc, tscinvbit, tscinv

Memory: 4k page, physical 8388608k(1095588k free)

/proc/meminfo:


vm_info: Java HotSpot(TM) 64-Bit Server VM (25.66-b17) for bsd-amd64 JRE (1.8.0_66-b17), built on Oct  6 2015 16:09:13 by "java_re" with gcc 4.2.1 (Based on Apple Inc. build 5658) (LLVM build 2336.11.00)

time: Thu Jul  4 19:32:52 2019
elapsed time: 4 seconds (0d 0h 0m 4s)

